android/users/wandsmire/Dropbox/NotTiled/android/intermediates/manifest_merge_blame_file/release/manifest-merger-blame-release-report.txt
1<?xml version="1.0" encoding="utf-8"?>
2<manifest xmlns:android="http://schemas.android.com/apk/res/android"
3    package="com.mirwanda.nottiled"
4    android:versionCode="76"
5    android:versionName="1.7.1" >
6
7    <uses-sdk
8        android:minSdkVersion="19"
8-->NotTiled\android\AndroidManifest.xml
9        android:targetSdkVersion="30" />
9-->NotTiled\android\AndroidManifest.xml
10
11    <uses-permission android:name="android.permission.MANAGE_EXTERNAL_STORAGE" />
11-->NotTiled\android\AndroidManifest.xml:5:5-82
11-->NotTiled\android\AndroidManifest.xml:5:22-79
12    <uses-permission android:name="android.permission.WRITE_EXTERNAL_STORAGE" />
12-->NotTiled\android\AndroidManifest.xml:6:5-81
12-->NotTiled\android\AndroidManifest.xml:6:22-78
13    <uses-permission android:name="android.permission.VIBRATE" />
13-->NotTiled\android\AndroidManifest.xml:7:5-66
13-->NotTiled\android\AndroidManifest.xml:7:22-63
14    <uses-permission android:name="android.permission.INTERNET" />
14-->NotTiled\android\AndroidManifest.xml:8:5-67
14-->NotTiled\android\AndroidManifest.xml:8:22-64
15    <uses-permission android:name="android.permission.ACCESS_NETWORK_STATE" />
15-->NotTiled\android\AndroidManifest.xml:9:5-79
15-->NotTiled\android\AndroidManifest.xml:9:22-76
16    <!-- uses-permission android:name="com.android.vending.BILLING" -->
17    <uses-permission android:name="android.permission.RECORD_AUDIO" />
17-->NotTiled\android\AndroidManifest.xml:11:5-71
17-->NotTiled\android\AndroidManifest.xml:11:22-68
18
19    <application
19-->NotTiled\android\AndroidManifest.xml:12:5-58:24
20        android:name="com.mirwanda.nottiled.Aplikasi"
20-->NotTiled\android\AndroidManifest.xml:13:9-54
21        android:allowBackup="true"
21-->NotTiled\android\AndroidManifest.xml:14:9-35
22        android:appCategory="game"
22-->NotTiled\android\AndroidManifest.xml:17:9-35
23        android:icon="@mipmap/ic_launcher"
23-->NotTiled\android\AndroidManifest.xml:15:9-43
24        android:isGame="true"
24-->NotTiled\android\AndroidManifest.xml:16:9-30
25        android:label="@string/app_name"
25-->NotTiled\android\AndroidManifest.xml:19:9-41
26        android:largeHeap="true"
26-->NotTiled\android\AndroidManifest.xml:18:9-33
27        android:requestLegacyExternalStorage="true"
27-->NotTiled\android\AndroidManifest.xml:22:9-52
28        android:resizeableActivity="true"
28-->NotTiled\android\AndroidManifest.xml:21:9-44
29        android:theme="@style/GdxTheme" >
29-->NotTiled\android\AndroidManifest.xml:20:9-40
30
31        <!--
32        -
33        <meta-data android:name="com.google.android.gms.version"
34            android:value="@integer/google_play_services_version"/>
35        <meta-data android:name="com.google.android.gms.ads.APPLICATION_ID"
36            android:value="ca-app-pub-0329741361926795~9960638706"/>
37        -->
38
39        <activity
39-->NotTiled\android\AndroidManifest.xml:31:5-57:25
40            android:name="com.mirwanda.nottiled.MainActivity"
40-->NotTiled\android\AndroidManifest.xml:32:18-67
41            android:configChanges="keyboard|keyboardHidden|orientation|screenSize"
41-->NotTiled\android\AndroidManifest.xml:34:18-88
42            android:label="@string/app_name" >
42-->NotTiled\android\AndroidManifest.xml:33:18-50
43            <intent-filter>
43-->NotTiled\android\AndroidManifest.xml:36:18-40:34
44                <action android:name="android.intent.action.MAIN" />
44-->NotTiled\android\AndroidManifest.xml:37:22-74
44-->NotTiled\android\AndroidManifest.xml:37:30-71
45
46                <category android:name="android.intent.category.LAUNCHER" />
46-->NotTiled\android\AndroidManifest.xml:38:22-82
46-->NotTiled\android\AndroidManifest.xml:38:32-79
47            </intent-filter>
48
49            <!-- Register to handle email attachments -->
50            <!-- WARNING: Do NOT use android:host="*" for these as they will not work properly -->
51            <!-- Register to handle file opening -->
52            <intent-filter>
52-->NotTiled\android\AndroidManifest.xml:45:18-55:34
53                <data
53-->NotTiled\android\AndroidManifest.xml:46:22-49:44
54                    android:host="*"
54-->NotTiled\android\AndroidManifest.xml:49:26-42
55                    android:mimeType="*/*"
55-->NotTiled\android\AndroidManifest.xml:47:26-48
56                    android:pathPattern=".*\\.tmx"
56-->NotTiled\android\AndroidManifest.xml:48:26-56
57                    android:scheme="file" />
57-->NotTiled\android\AndroidManifest.xml:46:28-49
58
59                <action android:name="android.intent.action.VIEW" />
59-->NotTiled\android\AndroidManifest.xml:51:22-74
59-->NotTiled\android\AndroidManifest.xml:51:30-71
60
61                <category android:name="android.intent.category.DEFAULT" />
61-->NotTiled\android\AndroidManifest.xml:53:22-81
61-->NotTiled\android\AndroidManifest.xml:53:32-78
62                <category android:name="android.intent.category.BROWSABLE" />
62-->NotTiled\android\AndroidManifest.xml:54:22-83
62-->NotTiled\android\AndroidManifest.xml:54:32-80
63            </intent-filter>
64        </activity>
65    </application>
66
67</manifest>